<?xml version="1.0" encoding="UTF-8"?>
<!-- Generated by org.testng.reporters.JUnitXMLReporter -->
<testsuite ignored="0" hostname="DESKTOP-34GJ173" failures="0" tests="3" name="Default test" time="7.041" errors="0" timestamp="2023-11-02T11:35:49 IST">
  <testcase classname="Orange.Orange_login" name="openapp" time="6.258"/>
  <testcase classname="Orange.Orange_login" name="login" time="0.627"/>
  <testcase classname="Orange.Orange_login" name="close" time="0.113"/>
</testsuite> <!-- Default test -->
