<?xml version="1.0" encoding="UTF-8"?>
<testng-results ignored="0" total="3" passed="3" failed="0" skipped="0">
  <reporter-output>
  </reporter-output>
  <suite started-at="2023-11-02T11:35:42 IST" name="Default suite" finished-at="2023-11-02T11:35:49 IST" duration-ms="7041">
    <groups>
    </groups>
    <test started-at="2023-11-02T11:35:42 IST" name="Default test" finished-at="2023-11-02T11:35:49 IST" duration-ms="7041">
      <class name="Orange.Orange_login">
        <test-method signature="openapp()[pri:1, instance:Orange.Orange_login@57cf54e1]" started-at="2023-11-02T11:35:42 IST" name="openapp" finished-at="2023-11-02T11:35:48 IST" duration-ms="6258" status="PASS">
          <reporter-output>
          </reporter-output>
        </test-method> <!-- openapp -->
        <test-method signature="login()[pri:2, instance:Orange.Orange_login@57cf54e1]" started-at="2023-11-02T11:35:48 IST" name="login" finished-at="2023-11-02T11:35:49 IST" duration-ms="627" status="PASS">
          <reporter-output>
          </reporter-output>
        </test-method> <!-- login -->
        <test-method signature="close()[pri:3, instance:Orange.Orange_login@57cf54e1]" started-at="2023-11-02T11:35:49 IST" name="close" finished-at="2023-11-02T11:35:49 IST" duration-ms="113" status="PASS">
          <reporter-output>
          </reporter-output>
        </test-method> <!-- close -->
      </class> <!-- Orange.Orange_login -->
    </test> <!-- Default test -->
  </suite> <!-- Default suite -->
</testng-results>
